<!doctype html>
<html lang="en"><head><meta charSet="utf-8"/><meta http-equiv="X-UA-Compatible" content="IE=edge"/><meta name="viewport" content="width=device-width, initial-scale=1"/><title>Mochawesome Report</title><link rel="stylesheet" href="assets\app.css"/></head><body data-raw="{&quot;stats&quot;:{&quot;suites&quot;:1,&quot;tests&quot;:14,&quot;passes&quot;:0,&quot;pending&quot;:0,&quot;failures&quot;:14,&quot;start&quot;:&quot;2024-06-04T15:52:29.503Z&quot;,&quot;end&quot;:&quot;2024-06-04T15:52:29.522Z&quot;,&quot;duration&quot;:19,&quot;testsRegistered&quot;:14,&quot;passPercent&quot;:0,&quot;pendingPercent&quot;:0,&quot;other&quot;:0,&quot;hasOther&quot;:false,&quot;skipped&quot;:0,&quot;hasSkipped&quot;:false},&quot;results&quot;:[{&quot;uuid&quot;:&quot;b16d6fc0-f93d-4ff3-a966-c8c2fcf6ed27&quot;,&quot;title&quot;:&quot;&quot;,&quot;fullFile&quot;:&quot;D:\\Work_Experience\\WE_Steps_Challenge\\unit-test.test.js&quot;,&quot;file&quot;:&quot;\\unit-test.test.js&quot;,&quot;beforeHooks&quot;:[],&quot;afterHooks&quot;:[],&quot;tests&quot;:[],&quot;suites&quot;:[{&quot;uuid&quot;:&quot;5780492e-5ec7-4118-b596-19ed0b24acfd&quot;,&quot;title&quot;:&quot;Unit test challenge!&quot;,&quot;fullFile&quot;:&quot;D:\\Work_Experience\\WE_Steps_Challenge\\unit-test.test.js&quot;,&quot;file&quot;:&quot;\\unit-test.test.js&quot;,&quot;beforeHooks&quot;:[],&quot;afterHooks&quot;:[],&quot;tests&quot;:[{&quot;title&quot;:&quot;Task 1 - Declare a numeric variable&quot;,&quot;fullTitle&quot;:&quot;Unit test challenge! Task 1 - Declare a numeric variable&quot;,&quot;timedOut&quot;:false,&quot;duration&quot;:0,&quot;state&quot;:&quot;failed&quot;,&quot;pass&quot;:false,&quot;fail&quot;:true,&quot;pending&quot;:false,&quot;code&quot;:&quot;assert.equal(decNumeric(), 22 );&quot;,&quot;err&quot;:{&quot;message&quot;:&quot;ReferenceError: numVar is not defined&quot;,&quot;estack&quot;:&quot;ReferenceError: numVar is not defined\n    at decNumeric (unit-test.js:8:5)\n    at Context.&lt;anonymous&gt; (unit-test.test.js:6:18)\n    at processImmediate (internal/timers.js:464:21)&quot;},&quot;uuid&quot;:&quot;58c9c836-2f70-4d53-994b-de8486929ae6&quot;,&quot;parentUUID&quot;:&quot;5780492e-5ec7-4118-b596-19ed0b24acfd&quot;,&quot;isHook&quot;:false,&quot;skipped&quot;:false},{&quot;title&quot;:&quot;Task 2 - Declare a string variable&quot;,&quot;fullTitle&quot;:&quot;Unit test challenge! Task 2 - Declare a string variable&quot;,&quot;timedOut&quot;:false,&quot;duration&quot;:0,&quot;state&quot;:&quot;failed&quot;,&quot;pass&quot;:false,&quot;fail&quot;:true,&quot;pending&quot;:false,&quot;code&quot;:&quot;assert.equal(decString(), &#x27;Step Challenges!&#x27;);&quot;,&quot;err&quot;:{&quot;message&quot;:&quot;ReferenceError: strVar is not defined&quot;,&quot;estack&quot;:&quot;ReferenceError: strVar is not defined\n    at decString (unit-test.js:19:5)\n    at Context.&lt;anonymous&gt; (unit-test.test.js:10:18)\n    at processImmediate (internal/timers.js:464:21)&quot;},&quot;uuid&quot;:&quot;2ffdefad-af99-478b-b7ea-bf45e3ef9c28&quot;,&quot;parentUUID&quot;:&quot;5780492e-5ec7-4118-b596-19ed0b24acfd&quot;,&quot;isHook&quot;:false,&quot;skipped&quot;:false},{&quot;title&quot;:&quot;Task 3 - Declare a boolean variable&quot;,&quot;fullTitle&quot;:&quot;Unit test challenge! Task 3 - Declare a boolean variable&quot;,&quot;timedOut&quot;:false,&quot;duration&quot;:0,&quot;state&quot;:&quot;failed&quot;,&quot;pass&quot;:false,&quot;fail&quot;:true,&quot;pending&quot;:false,&quot;code&quot;:&quot;assert.equal( decBoolean(), true );&quot;,&quot;err&quot;:{&quot;message&quot;:&quot;ReferenceError: booVar is not defined&quot;,&quot;estack&quot;:&quot;ReferenceError: booVar is not defined\n    at decBoolean (unit-test.js:29:5)\n    at Context.&lt;anonymous&gt; (unit-test.test.js:14:19)\n    at processImmediate (internal/timers.js:464:21)&quot;},&quot;uuid&quot;:&quot;8f7ae94c-33d2-4fc0-b968-9bf216965352&quot;,&quot;parentUUID&quot;:&quot;5780492e-5ec7-4118-b596-19ed0b24acfd&quot;,&quot;isHook&quot;:false,&quot;skipped&quot;:false},{&quot;title&quot;:&quot;Task 4 - Test Arithmetic operator - mulitply&quot;,&quot;fullTitle&quot;:&quot;Unit test challenge! Task 4 - Test Arithmetic operator - mulitply&quot;,&quot;timedOut&quot;:false,&quot;duration&quot;:0,&quot;state&quot;:&quot;failed&quot;,&quot;pass&quot;:false,&quot;fail&quot;:true,&quot;pending&quot;:false,&quot;code&quot;:&quot;assert.equal( arithmeticOp(20, 10), 200 );&quot;,&quot;err&quot;:{&quot;message&quot;:&quot;ReferenceError: retVal is not defined&quot;,&quot;estack&quot;:&quot;ReferenceError: retVal is not defined\n    at arithmeticOp (unit-test.js:39:5)\n    at Context.&lt;anonymous&gt; (unit-test.test.js:18:19)\n    at processImmediate (internal/timers.js:464:21)&quot;},&quot;uuid&quot;:&quot;cf012817-20de-449f-adee-039f663922da&quot;,&quot;parentUUID&quot;:&quot;5780492e-5ec7-4118-b596-19ed0b24acfd&quot;,&quot;isHook&quot;:false,&quot;skipped&quot;:false},{&quot;title&quot;:&quot;Task 5 - Concate string variables&quot;,&quot;fullTitle&quot;:&quot;Unit test challenge! Task 5 - Concate string variables&quot;,&quot;timedOut&quot;:false,&quot;duration&quot;:0,&quot;state&quot;:&quot;failed&quot;,&quot;pass&quot;:false,&quot;fail&quot;:true,&quot;pending&quot;:false,&quot;code&quot;:&quot;assert.equal(stringOp(&#x27;JavaScript&#x27;, &#x27;Rocks!&#x27;), \&quot;JavaScript Rocks!\&quot; );&quot;,&quot;err&quot;:{&quot;message&quot;:&quot;ReferenceError: retStr is not defined&quot;,&quot;estack&quot;:&quot;ReferenceError: retStr is not defined\n    at stringOp (unit-test.js:49:5)\n    at Context.&lt;anonymous&gt; (unit-test.test.js:22:18)\n    at processImmediate (internal/timers.js:464:21)&quot;},&quot;uuid&quot;:&quot;0580f177-195f-4753-a60d-2d8f9f2aaa43&quot;,&quot;parentUUID&quot;:&quot;5780492e-5ec7-4118-b596-19ed0b24acfd&quot;,&quot;isHook&quot;:false,&quot;skipped&quot;:false},{&quot;title&quot;:&quot;Task 6-A - Comparison operator - less than true&quot;,&quot;fullTitle&quot;:&quot;Unit test challenge! Task 6-A - Comparison operator - less than true&quot;,&quot;timedOut&quot;:false,&quot;duration&quot;:0,&quot;state&quot;:&quot;failed&quot;,&quot;pass&quot;:false,&quot;fail&quot;:true,&quot;pending&quot;:false,&quot;code&quot;:&quot;assert.equal(compOp(23, 24), true );&quot;,&quot;err&quot;:{&quot;message&quot;:&quot;ReferenceError: retVal is not defined&quot;,&quot;estack&quot;:&quot;ReferenceError: retVal is not defined\n    at compOp (unit-test.js:59:5)\n    at Context.&lt;anonymous&gt; (unit-test.test.js:26:18)\n    at processImmediate (internal/timers.js:464:21)&quot;},&quot;uuid&quot;:&quot;6129d65b-5d06-4bd4-8d02-a7852743c4fa&quot;,&quot;parentUUID&quot;:&quot;5780492e-5ec7-4118-b596-19ed0b24acfd&quot;,&quot;isHook&quot;:false,&quot;skipped&quot;:false},{&quot;title&quot;:&quot; Task 6-B - Comparison operator - less than false&quot;,&quot;fullTitle&quot;:&quot;Unit test challenge!  Task 6-B - Comparison operator - less than false&quot;,&quot;timedOut&quot;:false,&quot;duration&quot;:1,&quot;state&quot;:&quot;failed&quot;,&quot;pass&quot;:false,&quot;fail&quot;:true,&quot;pending&quot;:false,&quot;code&quot;:&quot;assert.equal(compOp(25, 24), false );&quot;,&quot;err&quot;:{&quot;message&quot;:&quot;ReferenceError: retVal is not defined&quot;,&quot;estack&quot;:&quot;ReferenceError: retVal is not defined\n    at compOp (unit-test.js:59:5)\n    at Context.&lt;anonymous&gt; (unit-test.test.js:30:18)\n    at processImmediate (internal/timers.js:464:21)&quot;},&quot;uuid&quot;:&quot;0259b8b2-961f-487e-ad83-ef7c6e76703c&quot;,&quot;parentUUID&quot;:&quot;5780492e-5ec7-4118-b596-19ed0b24acfd&quot;,&quot;isHook&quot;:false,&quot;skipped&quot;:false},{&quot;title&quot;:&quot;Task 7-A - Logical operator - &amp;&amp; false&quot;,&quot;fullTitle&quot;:&quot;Unit test challenge! Task 7-A - Logical operator - &amp;&amp; false&quot;,&quot;timedOut&quot;:false,&quot;duration&quot;:0,&quot;state&quot;:&quot;failed&quot;,&quot;pass&quot;:false,&quot;fail&quot;:true,&quot;pending&quot;:false,&quot;code&quot;:&quot;assert.equal(logicOp(12, 30, 11, 11), true );&quot;,&quot;err&quot;:{&quot;message&quot;:&quot;ReferenceError: retVal is not defined&quot;,&quot;estack&quot;:&quot;ReferenceError: retVal is not defined\n    at logicOp (unit-test.js:69:5)\n    at Context.&lt;anonymous&gt; (unit-test.test.js:34:18)\n    at processImmediate (internal/timers.js:464:21)&quot;},&quot;uuid&quot;:&quot;23799cd4-859d-4a47-90f1-2c0da2b8db25&quot;,&quot;parentUUID&quot;:&quot;5780492e-5ec7-4118-b596-19ed0b24acfd&quot;,&quot;isHook&quot;:false,&quot;skipped&quot;:false},{&quot;title&quot;:&quot;Task 7-B - Logical operator - &amp;&amp; false&quot;,&quot;fullTitle&quot;:&quot;Unit test challenge! Task 7-B - Logical operator - &amp;&amp; false&quot;,&quot;timedOut&quot;:false,&quot;duration&quot;:0,&quot;state&quot;:&quot;failed&quot;,&quot;pass&quot;:false,&quot;fail&quot;:true,&quot;pending&quot;:false,&quot;code&quot;:&quot;assert.equal(logicOp(12, 30, 10, 11), false );&quot;,&quot;err&quot;:{&quot;message&quot;:&quot;ReferenceError: retVal is not defined&quot;,&quot;estack&quot;:&quot;ReferenceError: retVal is not defined\n    at logicOp (unit-test.js:69:5)\n    at Context.&lt;anonymous&gt; (unit-test.test.js:38:18)\n    at processImmediate (internal/timers.js:464:21)&quot;},&quot;uuid&quot;:&quot;00568fed-9765-47bd-9e9c-fd739ca2719e&quot;,&quot;parentUUID&quot;:&quot;5780492e-5ec7-4118-b596-19ed0b24acfd&quot;,&quot;isHook&quot;:false,&quot;skipped&quot;:false},{&quot;title&quot;:&quot;Task 8 - Change string var to a number&quot;,&quot;fullTitle&quot;:&quot;Unit test challenge! Task 8 - Change string var to a number&quot;,&quot;timedOut&quot;:false,&quot;duration&quot;:1,&quot;state&quot;:&quot;failed&quot;,&quot;pass&quot;:false,&quot;fail&quot;:true,&quot;pending&quot;:false,&quot;code&quot;:&quot;assert.equal(typeof(changeStrToNumber(\&quot;Five\&quot;)), \&quot;number\&quot;);&quot;,&quot;err&quot;:{&quot;message&quot;:&quot;AssertionError: &#x27;string&#x27; == &#x27;number&#x27;&quot;,&quot;estack&quot;:&quot;AssertionError [ERR_ASSERTION]: &#x27;string&#x27; == &#x27;number&#x27;\n    at Context.&lt;anonymous&gt; (unit-test.test.js:41:12)\n    at processImmediate (internal/timers.js:464:21)&quot;,&quot;diff&quot;:&quot;- string\n+ number\n&quot;},&quot;uuid&quot;:&quot;8ca96ab6-de20-4df6-b95f-8c7140008794&quot;,&quot;parentUUID&quot;:&quot;5780492e-5ec7-4118-b596-19ed0b24acfd&quot;,&quot;isHook&quot;:false,&quot;skipped&quot;:false},{&quot;title&quot;:&quot;Task 9 - Test returnArray function&quot;,&quot;fullTitle&quot;:&quot;Unit test challenge! Task 9 - Test returnArray function&quot;,&quot;timedOut&quot;:false,&quot;duration&quot;:0,&quot;state&quot;:&quot;failed&quot;,&quot;pass&quot;:false,&quot;fail&quot;:true,&quot;pending&quot;:false,&quot;code&quot;:&quot;var arrTest1 = [5,4,5,4];\nvar arrTest2 = [\&quot;one\&quot;, \&quot;two\&quot;, \&quot;three\&quot;, \&quot;four\&quot;];\nassert.equal(JSON.stringify(returnArray(5,4,5,4)), JSON.stringify(arrTest1));\nassert.equal(JSON.stringify(returnArray(\&quot;one\&quot;, \&quot;two\&quot;, \&quot;three\&quot;, \&quot;four\&quot;)), JSON.stringify(arrTest2));&quot;,&quot;err&quot;:{&quot;message&quot;:&quot;ReferenceError: retArray is not defined&quot;,&quot;estack&quot;:&quot;ReferenceError: retArray is not defined\n    at returnArray (unit-test.js:85:5)\n    at Context.&lt;anonymous&gt; (unit-test.test.js:46:33)\n    at processImmediate (internal/timers.js:464:21)&quot;},&quot;uuid&quot;:&quot;39101687-9b76-4bd9-b000-87169e6e60ee&quot;,&quot;parentUUID&quot;:&quot;5780492e-5ec7-4118-b596-19ed0b24acfd&quot;,&quot;isHook&quot;:false,&quot;skipped&quot;:false},{&quot;title&quot;:&quot;Bonus Task 10 - Cast string vars to numbers&quot;,&quot;fullTitle&quot;:&quot;Unit test challenge! Bonus Task 10 - Cast string vars to numbers&quot;,&quot;timedOut&quot;:false,&quot;duration&quot;:0,&quot;state&quot;:&quot;failed&quot;,&quot;pass&quot;:false,&quot;fail&quot;:true,&quot;pending&quot;:false,&quot;code&quot;:&quot;assert.equal(castStrToNumber(\&quot;5\&quot;,\&quot;2.2\&quot;), 7.2);\nassert.equal(castStrToNumber(\&quot;7\&quot;,\&quot;3\&quot;), 10);&quot;,&quot;err&quot;:{&quot;message&quot;:&quot;ReferenceError: retVal is not defined&quot;,&quot;estack&quot;:&quot;ReferenceError: retVal is not defined\n    at castStrToNumber (unit-test.js:98:5)\n    at Context.&lt;anonymous&gt; (unit-test.test.js:50:18)\n    at processImmediate (internal/timers.js:464:21)&quot;},&quot;uuid&quot;:&quot;ffa4864f-f50d-41ae-bcd7-bfe839302d95&quot;,&quot;parentUUID&quot;:&quot;5780492e-5ec7-4118-b596-19ed0b24acfd&quot;,&quot;isHook&quot;:false,&quot;skipped&quot;:false},{&quot;title&quot;:&quot;Bonus Task 11 - Test arrayPop function&quot;,&quot;fullTitle&quot;:&quot;Unit test challenge! Bonus Task 11 - Test arrayPop function&quot;,&quot;timedOut&quot;:false,&quot;duration&quot;:1,&quot;state&quot;:&quot;failed&quot;,&quot;pass&quot;:false,&quot;fail&quot;:true,&quot;pending&quot;:false,&quot;code&quot;:&quot;var arrToPop1 = [5,4,5,4];\nvar arrTest1 = [5,4,5];\nvar arrToPop2 = [\&quot;one\&quot;, \&quot;two\&quot;, \&quot;three\&quot;, \&quot;four\&quot;];\nvar arrTest2 = [\&quot;one\&quot;, \&quot;two\&quot;, \&quot;three\&quot;];\nassert.equal(JSON.stringify(arrayPop(arrToPop1)), JSON.stringify(arrTest1));\nassert.equal(JSON.stringify(arrayPop(arrToPop2)), JSON.stringify(arrTest2));&quot;,&quot;err&quot;:{&quot;message&quot;:&quot;ReferenceError: retArray is not defined&quot;,&quot;estack&quot;:&quot;ReferenceError: retArray is not defined\n    at arrayPop (unit-test.js:106:5)\n    at Context.&lt;anonymous&gt; (unit-test.test.js:58:31)\n    at processImmediate (internal/timers.js:464:21)&quot;},&quot;uuid&quot;:&quot;4f347561-6e0d-4349-a06c-e948a17fc88a&quot;,&quot;parentUUID&quot;:&quot;5780492e-5ec7-4118-b596-19ed0b24acfd&quot;,&quot;isHook&quot;:false,&quot;skipped&quot;:false},{&quot;title&quot;:&quot;Bonus Task 12 - Test workoutTax001 function&quot;,&quot;fullTitle&quot;:&quot;Unit test challenge! Bonus Task 12 - Test workoutTax001 function&quot;,&quot;timedOut&quot;:false,&quot;duration&quot;:0,&quot;state&quot;:&quot;failed&quot;,&quot;pass&quot;:false,&quot;fail&quot;:true,&quot;pending&quot;:false,&quot;code&quot;:&quot;// test values 1\nlet arrSalary = workoutTax001(30000); \nassert.equal(arrSalary[0], 9000, \&quot;Tax value &lt; 45000  correct\&quot;);\nassert.equal(arrSalary[1], 21000, \&quot;Net salary value &lt; 45000 correct\&quot;);\n// test values 2\narrSalary = workoutTax001(45000); \nassert.equal(arrSalary[0], 13500, \&quot;Tax value &gt; 45000 correct\&quot;);\nassert.equal(arrSalary[1], 31500, \&quot;Net salary value &gt; 45000 correct\&quot;);&quot;,&quot;err&quot;:{&quot;message&quot;:&quot;ReferenceError: arrReturn is not defined&quot;,&quot;estack&quot;:&quot;ReferenceError: arrReturn is not defined\n    at workoutTax001 (unit-test.js:124:5)\n    at Context.&lt;anonymous&gt; (unit-test.test.js:64:19)\n    at processImmediate (internal/timers.js:464:21)&quot;},&quot;uuid&quot;:&quot;90066d6d-bcd9-44af-aeb4-1de564539d85&quot;,&quot;parentUUID&quot;:&quot;5780492e-5ec7-4118-b596-19ed0b24acfd&quot;,&quot;isHook&quot;:false,&quot;skipped&quot;:false}],&quot;suites&quot;:[],&quot;passes&quot;:[],&quot;failures&quot;:[&quot;58c9c836-2f70-4d53-994b-de8486929ae6&quot;,&quot;2ffdefad-af99-478b-b7ea-bf45e3ef9c28&quot;,&quot;8f7ae94c-33d2-4fc0-b968-9bf216965352&quot;,&quot;cf012817-20de-449f-adee-039f663922da&quot;,&quot;0580f177-195f-4753-a60d-2d8f9f2aaa43&quot;,&quot;6129d65b-5d06-4bd4-8d02-a7852743c4fa&quot;,&quot;0259b8b2-961f-487e-ad83-ef7c6e76703c&quot;,&quot;23799cd4-859d-4a47-90f1-2c0da2b8db25&quot;,&quot;00568fed-9765-47bd-9e9c-fd739ca2719e&quot;,&quot;8ca96ab6-de20-4df6-b95f-8c7140008794&quot;,&quot;39101687-9b76-4bd9-b000-87169e6e60ee&quot;,&quot;ffa4864f-f50d-41ae-bcd7-bfe839302d95&quot;,&quot;4f347561-6e0d-4349-a06c-e948a17fc88a&quot;,&quot;90066d6d-bcd9-44af-aeb4-1de564539d85&quot;],&quot;pending&quot;:[],&quot;skipped&quot;:[],&quot;duration&quot;:3,&quot;root&quot;:false,&quot;rootEmpty&quot;:false,&quot;_timeout&quot;:2000}],&quot;passes&quot;:[],&quot;failures&quot;:[],&quot;pending&quot;:[],&quot;skipped&quot;:[],&quot;duration&quot;:0,&quot;root&quot;:true,&quot;rootEmpty&quot;:true,&quot;_timeout&quot;:2000}],&quot;meta&quot;:{&quot;mocha&quot;:{&quot;version&quot;:&quot;10.4.0&quot;},&quot;mochawesome&quot;:{&quot;options&quot;:{&quot;quiet&quot;:false,&quot;reportFilename&quot;:&quot;mochawesome&quot;,&quot;saveHtml&quot;:true,&quot;saveJson&quot;:true,&quot;consoleReporter&quot;:&quot;spec&quot;,&quot;useInlineDiffs&quot;:false,&quot;code&quot;:true},&quot;version&quot;:&quot;7.1.3&quot;},&quot;marge&quot;:{&quot;version&quot;:&quot;6.2.0&quot;}}}" data-config="{&quot;reportFilename&quot;:&quot;mochawesome&quot;,&quot;reportDir&quot;:&quot;mochawesome-report&quot;,&quot;reportTitle&quot;:&quot;WE_Steps_Challenge&quot;,&quot;reportPageTitle&quot;:&quot;Mochawesome Report&quot;,&quot;inline&quot;:false,&quot;inlineAssets&quot;:false,&quot;cdn&quot;:false,&quot;charts&quot;:false,&quot;enableCharts&quot;:false,&quot;code&quot;:true,&quot;enableCode&quot;:true,&quot;autoOpen&quot;:false,&quot;overwrite&quot;:true,&quot;timestamp&quot;:false,&quot;ts&quot;:false,&quot;showPassed&quot;:true,&quot;showFailed&quot;:true,&quot;showPending&quot;:true,&quot;showSkipped&quot;:false,&quot;showHooks&quot;:&quot;failed&quot;,&quot;saveJson&quot;:true,&quot;saveHtml&quot;:true,&quot;dev&quot;:false,&quot;assetsDir&quot;:&quot;mochawesome-report\\assets&quot;,&quot;jsonFile&quot;:&quot;D:\\Work_Experience\\WE_Steps_Challenge\\mochawesome-report\\mochawesome.json&quot;,&quot;htmlFile&quot;:&quot;D:\\Work_Experience\\WE_Steps_Challenge\\mochawesome-report\\mochawesome.html&quot;}"><div id="report"></div><script src="assets\app.js"></script></body></html>