{
  "stats": {
    "suites": 2,
    "tests": 4,
    "passes": 2,
    "pending": 0,
    "failures": 2,
    "start": "2024-05-31T14:12:54.586Z",
    "end": "2024-05-31T14:12:54.602Z",
    "duration": 16,
    "testsRegistered": 4,
    "passPercent": 50,
    "pendingPercent": 0,
    "other": 0,
    "hasOther": false,
    "skipped": 0,
    "hasSkipped": false
  },
  "results": [
    {
      "uuid": "2680dfe7-33fc-470c-80e6-16c3b0722d3b",
      "title": "",
      "fullFile": "",
      "file": "",
      "beforeHooks": [],
      "afterHooks": [],
      "tests": [],
      "suites": [
        {
          "uuid": "7c73dd42-1966-44d9-bb5a-0e050b4d403a",
          "title": "Step Challenges Unit Tests Part 1!",
          "fullFile": "D:\\Work_Experience\\WE_Steps_Challenge\\test.js",
          "file": "\\test.js",
          "beforeHooks": [],
          "afterHooks": [],
          "tests": [
            {
              "title": "should return -1 when the value is not present",
              "fullTitle": "Step Challenges Unit Tests Part 1! should return -1 when the value is not present",
              "timedOut": false,
              "duration": 0,
              "state": "passed",
              "speed": "fast",
              "pass": true,
              "fail": false,
              "pending": false,
              "context": null,
              "code": "assert.equal([1, 2, 3].indexOf(4), -1);",
              "err": {},
              "uuid": "29091114-63e4-41fa-8dc4-8178010ebb2a",
              "parentUUID": "7c73dd42-1966-44d9-bb5a-0e050b4d403a",
              "isHook": false,
              "skipped": false
            },
            {
              "title": "should match the Test string",
              "fullTitle": "Step Challenges Unit Tests Part 1! should match the Test string",
              "timedOut": false,
              "duration": 0,
              "state": "passed",
              "speed": "fast",
              "pass": true,
              "fail": false,
              "pending": false,
              "context": null,
              "code": "assert.equal(\"Test String\", \"Test String\");",
              "err": {},
              "uuid": "c8926d4f-44bf-4ab0-ac80-97161388b371",
              "parentUUID": "7c73dd42-1966-44d9-bb5a-0e050b4d403a",
              "isHook": false,
              "skipped": false
            }
          ],
          "suites": [],
          "passes": [
            "29091114-63e4-41fa-8dc4-8178010ebb2a",
            "c8926d4f-44bf-4ab0-ac80-97161388b371"
          ],
          "failures": [],
          "pending": [],
          "skipped": [],
          "duration": 0,
          "root": false,
          "rootEmpty": false,
          "_timeout": 2000
        },
        {
          "uuid": "9fbd4c53-5a46-42df-9fb0-6ce338389ce9",
          "title": "Step Challenges Unit Tests Part 2!",
          "fullFile": "D:\\Work_Experience\\WE_Steps_Challenge\\test.js",
          "file": "\\test.js",
          "beforeHooks": [],
          "afterHooks": [],
          "tests": [
            {
              "title": "should return the Integer with the valid number of Steps!",
              "fullTitle": "Step Challenges Unit Tests Part 2! should return the Integer with the valid number of Steps!",
              "timedOut": false,
              "duration": 2,
              "state": "failed",
              "speed": null,
              "pass": false,
              "fail": true,
              "pending": false,
              "context": null,
              "code": "assert.equal(120000, 20000);",
              "err": {
                "message": "AssertionError: 120000 == 20000",
                "estack": "AssertionError [ERR_ASSERTION]: 120000 == 20000\n    at Context.<anonymous> (test.js:14:14)\n    at processImmediate (internal/timers.js:464:21)",
                "diff": "- 120000\n+ 20000\n"
              },
              "uuid": "85523b24-108a-41ab-bdc6-410e695eee88",
              "parentUUID": "9fbd4c53-5a46-42df-9fb0-6ce338389ce9",
              "isHook": false,
              "skipped": false
            },
            {
              "title": "Type Should be matching",
              "fullTitle": "Step Challenges Unit Tests Part 2! Type Should be matching",
              "timedOut": false,
              "duration": 1,
              "state": "failed",
              "speed": null,
              "pass": false,
              "fail": true,
              "pending": false,
              "context": null,
              "code": "assert.equal(typeof(\"Christoper Topp\"), \"number\");",
              "err": {
                "message": "AssertionError: 'string' == 'number'",
                "estack": "AssertionError [ERR_ASSERTION]: 'string' == 'number'\n    at Context.<anonymous> (test.js:17:14)\n    at processImmediate (internal/timers.js:464:21)",
                "diff": "- string\n+ number\n"
              },
              "uuid": "0cb37aa3-b554-48a1-bb62-4ed3529414cb",
              "parentUUID": "9fbd4c53-5a46-42df-9fb0-6ce338389ce9",
              "isHook": false,
              "skipped": false
            }
          ],
          "suites": [],
          "passes": [],
          "failures": [
            "85523b24-108a-41ab-bdc6-410e695eee88",
            "0cb37aa3-b554-48a1-bb62-4ed3529414cb"
          ],
          "pending": [],
          "skipped": [],
          "duration": 3,
          "root": false,
          "rootEmpty": false,
          "_timeout": 2000
        }
      ],
      "passes": [],
      "failures": [],
      "pending": [],
      "skipped": [],
      "duration": 0,
      "root": true,
      "rootEmpty": true,
      "_timeout": 2000
    }
  ],
  "meta": {
    "mocha": {
      "version": "10.4.0"
    },
    "mochawesome": {
      "options": {
        "quiet": false,
        "reportFilename": "mochawesome",
        "saveHtml": true,
        "saveJson": true,
        "consoleReporter": "spec",
        "useInlineDiffs": false,
        "code": true
      },
      "version": "7.1.3"
    },
    "marge": {
      "options": null,
      "version": "6.2.0"
    }
  }
}