{
  "stats": {
    "suites": 2,
    "tests": 4,
    "passes": 3,
    "pending": 0,
    "failures": 1,
    "start": "2024-05-30T15:57:44.907Z",
    "end": "2024-05-30T15:57:44.925Z",
    "duration": 18,
    "testsRegistered": 4,
    "passPercent": 75,
    "pendingPercent": 0,
    "other": 0,
    "hasOther": false,
    "skipped": 0,
    "hasSkipped": false
  },
  "results": [
    {
      "uuid": "2eaf751e-9e52-4386-b264-4084c2376438",
      "title": "",
      "fullFile": "",
      "file": "",
      "beforeHooks": [],
      "afterHooks": [],
      "tests": [],
      "suites": [
        {
          "uuid": "c2c042d0-3a69-4f36-afda-b0435c5514f5",
          "title": "Step Challenges Unit Tests Part 1!",
          "fullFile": "D:\\Work_Experience\\WE_Steps_Challenge\\test.js",
          "file": "\\test.js",
          "beforeHooks": [],
          "afterHooks": [],
          "tests": [
            {
              "title": "should return -1 when the value is not present",
              "fullTitle": "Step Challenges Unit Tests Part 1! should return -1 when the value is not present",
              "timedOut": false,
              "duration": 0,
              "state": "passed",
              "speed": "fast",
              "pass": true,
              "fail": false,
              "pending": false,
              "context": null,
              "code": "assert.equal([1, 2, 3].indexOf(4), -1);",
              "err": {},
              "uuid": "5f2a5f85-d9f3-4d1f-8a18-2c824796bcce",
              "parentUUID": "c2c042d0-3a69-4f36-afda-b0435c5514f5",
              "isHook": false,
              "skipped": false
            },
            {
              "title": "should match the Test string",
              "fullTitle": "Step Challenges Unit Tests Part 1! should match the Test string",
              "timedOut": false,
              "duration": 0,
              "state": "passed",
              "speed": "fast",
              "pass": true,
              "fail": false,
              "pending": false,
              "context": null,
              "code": "assert.equal(\"Test String\", \"Test String\");",
              "err": {},
              "uuid": "0253815a-2896-47fa-8dc8-13b7f57ce51a",
              "parentUUID": "c2c042d0-3a69-4f36-afda-b0435c5514f5",
              "isHook": false,
              "skipped": false
            }
          ],
          "suites": [],
          "passes": [
            "5f2a5f85-d9f3-4d1f-8a18-2c824796bcce",
            "0253815a-2896-47fa-8dc8-13b7f57ce51a"
          ],
          "failures": [],
          "pending": [],
          "skipped": [],
          "duration": 0,
          "root": false,
          "rootEmpty": false,
          "_timeout": 2000
        },
        {
          "uuid": "4638d683-3f52-4124-8e42-0bd85100ddb8",
          "title": "Step Challenges Unit Tests Part 2!",
          "fullFile": "D:\\Work_Experience\\WE_Steps_Challenge\\test.js",
          "file": "\\test.js",
          "beforeHooks": [],
          "afterHooks": [],
          "tests": [
            {
              "title": "should return the Integer with the valid number of Steps!",
              "fullTitle": "Step Challenges Unit Tests Part 2! should return the Integer with the valid number of Steps!",
              "timedOut": false,
              "duration": 0,
              "state": "passed",
              "speed": "fast",
              "pass": true,
              "fail": false,
              "pending": false,
              "context": null,
              "code": "assert.equal(120000, 120000);",
              "err": {},
              "uuid": "cc5b0e90-79d0-41f5-8de5-21bfc6a5790c",
              "parentUUID": "4638d683-3f52-4124-8e42-0bd85100ddb8",
              "isHook": false,
              "skipped": false
            },
            {
              "title": "Type Should be matching",
              "fullTitle": "Step Challenges Unit Tests Part 2! Type Should be matching",
              "timedOut": false,
              "duration": 3,
              "state": "failed",
              "speed": null,
              "pass": false,
              "fail": true,
              "pending": false,
              "context": null,
              "code": "assert.equal(typeof(\"Christoper Topp\"), \"number\");",
              "err": {
                "message": "AssertionError: 'string' == 'number'",
                "estack": "AssertionError [ERR_ASSERTION]: 'string' == 'number'\n    at Context.<anonymous> (test.js:17:14)\n    at processImmediate (internal/timers.js:464:21)",
                "diff": "- string\n+ number\n"
              },
              "uuid": "76f40ab5-b12a-4508-9457-f23e42a973a9",
              "parentUUID": "4638d683-3f52-4124-8e42-0bd85100ddb8",
              "isHook": false,
              "skipped": false
            }
          ],
          "suites": [],
          "passes": [
            "cc5b0e90-79d0-41f5-8de5-21bfc6a5790c"
          ],
          "failures": [
            "76f40ab5-b12a-4508-9457-f23e42a973a9"
          ],
          "pending": [],
          "skipped": [],
          "duration": 3,
          "root": false,
          "rootEmpty": false,
          "_timeout": 2000
        }
      ],
      "passes": [],
      "failures": [],
      "pending": [],
      "skipped": [],
      "duration": 0,
      "root": true,
      "rootEmpty": true,
      "_timeout": 2000
    }
  ],
  "meta": {
    "mocha": {
      "version": "10.4.0"
    },
    "mochawesome": {
      "options": {
        "quiet": false,
        "reportFilename": "mochawesome",
        "saveHtml": true,
        "saveJson": true,
        "consoleReporter": "spec",
        "useInlineDiffs": false,
        "code": true
      },
      "version": "7.1.3"
    },
    "marge": {
      "options": null,
      "version": "6.2.0"
    }
  }
}