{
  "stats": {
    "suites": 1,
    "tests": 14,
    "passes": 0,
    "pending": 0,
    "failures": 14,
    "start": "2024-06-04T15:52:29.503Z",
    "end": "2024-06-04T15:52:29.522Z",
    "duration": 19,
    "testsRegistered": 14,
    "passPercent": 0,
    "pendingPercent": 0,
    "other": 0,
    "hasOther": false,
    "skipped": 0,
    "hasSkipped": false
  },
  "results": [
    {
      "uuid": "b16d6fc0-f93d-4ff3-a966-c8c2fcf6ed27",
      "title": "",
      "fullFile": "D:\\Work_Experience\\WE_Steps_Challenge\\unit-test.test.js",
      "file": "\\unit-test.test.js",
      "beforeHooks": [],
      "afterHooks": [],
      "tests": [],
      "suites": [
        {
          "uuid": "5780492e-5ec7-4118-b596-19ed0b24acfd",
          "title": "Unit test challenge!",
          "fullFile": "D:\\Work_Experience\\WE_Steps_Challenge\\unit-test.test.js",
          "file": "\\unit-test.test.js",
          "beforeHooks": [],
          "afterHooks": [],
          "tests": [
            {
              "title": "Task 1 - Declare a numeric variable",
              "fullTitle": "Unit test challenge! Task 1 - Declare a numeric variable",
              "timedOut": false,
              "duration": 0,
              "state": "failed",
              "speed": null,
              "pass": false,
              "fail": true,
              "pending": false,
              "context": null,
              "code": "assert.equal(decNumeric(), 22 );",
              "err": {
                "message": "ReferenceError: numVar is not defined",
                "estack": "ReferenceError: numVar is not defined\n    at decNumeric (unit-test.js:8:5)\n    at Context.<anonymous> (unit-test.test.js:6:18)\n    at processImmediate (internal/timers.js:464:21)",
                "diff": null
              },
              "uuid": "58c9c836-2f70-4d53-994b-de8486929ae6",
              "parentUUID": "5780492e-5ec7-4118-b596-19ed0b24acfd",
              "isHook": false,
              "skipped": false
            },
            {
              "title": "Task 2 - Declare a string variable",
              "fullTitle": "Unit test challenge! Task 2 - Declare a string variable",
              "timedOut": false,
              "duration": 0,
              "state": "failed",
              "speed": null,
              "pass": false,
              "fail": true,
              "pending": false,
              "context": null,
              "code": "assert.equal(decString(), 'Step Challenges!');",
              "err": {
                "message": "ReferenceError: strVar is not defined",
                "estack": "ReferenceError: strVar is not defined\n    at decString (unit-test.js:19:5)\n    at Context.<anonymous> (unit-test.test.js:10:18)\n    at processImmediate (internal/timers.js:464:21)",
                "diff": null
              },
              "uuid": "2ffdefad-af99-478b-b7ea-bf45e3ef9c28",
              "parentUUID": "5780492e-5ec7-4118-b596-19ed0b24acfd",
              "isHook": false,
              "skipped": false
            },
            {
              "title": "Task 3 - Declare a boolean variable",
              "fullTitle": "Unit test challenge! Task 3 - Declare a boolean variable",
              "timedOut": false,
              "duration": 0,
              "state": "failed",
              "speed": null,
              "pass": false,
              "fail": true,
              "pending": false,
              "context": null,
              "code": "assert.equal( decBoolean(), true );",
              "err": {
                "message": "ReferenceError: booVar is not defined",
                "estack": "ReferenceError: booVar is not defined\n    at decBoolean (unit-test.js:29:5)\n    at Context.<anonymous> (unit-test.test.js:14:19)\n    at processImmediate (internal/timers.js:464:21)",
                "diff": null
              },
              "uuid": "8f7ae94c-33d2-4fc0-b968-9bf216965352",
              "parentUUID": "5780492e-5ec7-4118-b596-19ed0b24acfd",
              "isHook": false,
              "skipped": false
            },
            {
              "title": "Task 4 - Test Arithmetic operator - mulitply",
              "fullTitle": "Unit test challenge! Task 4 - Test Arithmetic operator - mulitply",
              "timedOut": false,
              "duration": 0,
              "state": "failed",
              "speed": null,
              "pass": false,
              "fail": true,
              "pending": false,
              "context": null,
              "code": "assert.equal( arithmeticOp(20, 10), 200 );",
              "err": {
                "message": "ReferenceError: retVal is not defined",
                "estack": "ReferenceError: retVal is not defined\n    at arithmeticOp (unit-test.js:39:5)\n    at Context.<anonymous> (unit-test.test.js:18:19)\n    at processImmediate (internal/timers.js:464:21)",
                "diff": null
              },
              "uuid": "cf012817-20de-449f-adee-039f663922da",
              "parentUUID": "5780492e-5ec7-4118-b596-19ed0b24acfd",
              "isHook": false,
              "skipped": false
            },
            {
              "title": "Task 5 - Concate string variables",
              "fullTitle": "Unit test challenge! Task 5 - Concate string variables",
              "timedOut": false,
              "duration": 0,
              "state": "failed",
              "speed": null,
              "pass": false,
              "fail": true,
              "pending": false,
              "context": null,
              "code": "assert.equal(stringOp('JavaScript', 'Rocks!'), \"JavaScript Rocks!\" );",
              "err": {
                "message": "ReferenceError: retStr is not defined",
                "estack": "ReferenceError: retStr is not defined\n    at stringOp (unit-test.js:49:5)\n    at Context.<anonymous> (unit-test.test.js:22:18)\n    at processImmediate (internal/timers.js:464:21)",
                "diff": null
              },
              "uuid": "0580f177-195f-4753-a60d-2d8f9f2aaa43",
              "parentUUID": "5780492e-5ec7-4118-b596-19ed0b24acfd",
              "isHook": false,
              "skipped": false
            },
            {
              "title": "Task 6-A - Comparison operator - less than true",
              "fullTitle": "Unit test challenge! Task 6-A - Comparison operator - less than true",
              "timedOut": false,
              "duration": 0,
              "state": "failed",
              "speed": null,
              "pass": false,
              "fail": true,
              "pending": false,
              "context": null,
              "code": "assert.equal(compOp(23, 24), true );",
              "err": {
                "message": "ReferenceError: retVal is not defined",
                "estack": "ReferenceError: retVal is not defined\n    at compOp (unit-test.js:59:5)\n    at Context.<anonymous> (unit-test.test.js:26:18)\n    at processImmediate (internal/timers.js:464:21)",
                "diff": null
              },
              "uuid": "6129d65b-5d06-4bd4-8d02-a7852743c4fa",
              "parentUUID": "5780492e-5ec7-4118-b596-19ed0b24acfd",
              "isHook": false,
              "skipped": false
            },
            {
              "title": " Task 6-B - Comparison operator - less than false",
              "fullTitle": "Unit test challenge!  Task 6-B - Comparison operator - less than false",
              "timedOut": false,
              "duration": 1,
              "state": "failed",
              "speed": null,
              "pass": false,
              "fail": true,
              "pending": false,
              "context": null,
              "code": "assert.equal(compOp(25, 24), false );",
              "err": {
                "message": "ReferenceError: retVal is not defined",
                "estack": "ReferenceError: retVal is not defined\n    at compOp (unit-test.js:59:5)\n    at Context.<anonymous> (unit-test.test.js:30:18)\n    at processImmediate (internal/timers.js:464:21)",
                "diff": null
              },
              "uuid": "0259b8b2-961f-487e-ad83-ef7c6e76703c",
              "parentUUID": "5780492e-5ec7-4118-b596-19ed0b24acfd",
              "isHook": false,
              "skipped": false
            },
            {
              "title": "Task 7-A - Logical operator - && false",
              "fullTitle": "Unit test challenge! Task 7-A - Logical operator - && false",
              "timedOut": false,
              "duration": 0,
              "state": "failed",
              "speed": null,
              "pass": false,
              "fail": true,
              "pending": false,
              "context": null,
              "code": "assert.equal(logicOp(12, 30, 11, 11), true );",
              "err": {
                "message": "ReferenceError: retVal is not defined",
                "estack": "ReferenceError: retVal is not defined\n    at logicOp (unit-test.js:69:5)\n    at Context.<anonymous> (unit-test.test.js:34:18)\n    at processImmediate (internal/timers.js:464:21)",
                "diff": null
              },
              "uuid": "23799cd4-859d-4a47-90f1-2c0da2b8db25",
              "parentUUID": "5780492e-5ec7-4118-b596-19ed0b24acfd",
              "isHook": false,
              "skipped": false
            },
            {
              "title": "Task 7-B - Logical operator - && false",
              "fullTitle": "Unit test challenge! Task 7-B - Logical operator - && false",
              "timedOut": false,
              "duration": 0,
              "state": "failed",
              "speed": null,
              "pass": false,
              "fail": true,
              "pending": false,
              "context": null,
              "code": "assert.equal(logicOp(12, 30, 10, 11), false );",
              "err": {
                "message": "ReferenceError: retVal is not defined",
                "estack": "ReferenceError: retVal is not defined\n    at logicOp (unit-test.js:69:5)\n    at Context.<anonymous> (unit-test.test.js:38:18)\n    at processImmediate (internal/timers.js:464:21)",
                "diff": null
              },
              "uuid": "00568fed-9765-47bd-9e9c-fd739ca2719e",
              "parentUUID": "5780492e-5ec7-4118-b596-19ed0b24acfd",
              "isHook": false,
              "skipped": false
            },
            {
              "title": "Task 8 - Change string var to a number",
              "fullTitle": "Unit test challenge! Task 8 - Change string var to a number",
              "timedOut": false,
              "duration": 1,
              "state": "failed",
              "speed": null,
              "pass": false,
              "fail": true,
              "pending": false,
              "context": null,
              "code": "assert.equal(typeof(changeStrToNumber(\"Five\")), \"number\");",
              "err": {
                "message": "AssertionError: 'string' == 'number'",
                "estack": "AssertionError [ERR_ASSERTION]: 'string' == 'number'\n    at Context.<anonymous> (unit-test.test.js:41:12)\n    at processImmediate (internal/timers.js:464:21)",
                "diff": "- string\n+ number\n"
              },
              "uuid": "8ca96ab6-de20-4df6-b95f-8c7140008794",
              "parentUUID": "5780492e-5ec7-4118-b596-19ed0b24acfd",
              "isHook": false,
              "skipped": false
            },
            {
              "title": "Task 9 - Test returnArray function",
              "fullTitle": "Unit test challenge! Task 9 - Test returnArray function",
              "timedOut": false,
              "duration": 0,
              "state": "failed",
              "speed": null,
              "pass": false,
              "fail": true,
              "pending": false,
              "context": null,
              "code": "var arrTest1 = [5,4,5,4];\nvar arrTest2 = [\"one\", \"two\", \"three\", \"four\"];\nassert.equal(JSON.stringify(returnArray(5,4,5,4)), JSON.stringify(arrTest1));\nassert.equal(JSON.stringify(returnArray(\"one\", \"two\", \"three\", \"four\")), JSON.stringify(arrTest2));",
              "err": {
                "message": "ReferenceError: retArray is not defined",
                "estack": "ReferenceError: retArray is not defined\n    at returnArray (unit-test.js:85:5)\n    at Context.<anonymous> (unit-test.test.js:46:33)\n    at processImmediate (internal/timers.js:464:21)",
                "diff": null
              },
              "uuid": "39101687-9b76-4bd9-b000-87169e6e60ee",
              "parentUUID": "5780492e-5ec7-4118-b596-19ed0b24acfd",
              "isHook": false,
              "skipped": false
            },
            {
              "title": "Bonus Task 10 - Cast string vars to numbers",
              "fullTitle": "Unit test challenge! Bonus Task 10 - Cast string vars to numbers",
              "timedOut": false,
              "duration": 0,
              "state": "failed",
              "speed": null,
              "pass": false,
              "fail": true,
              "pending": false,
              "context": null,
              "code": "assert.equal(castStrToNumber(\"5\",\"2.2\"), 7.2);\nassert.equal(castStrToNumber(\"7\",\"3\"), 10);",
              "err": {
                "message": "ReferenceError: retVal is not defined",
                "estack": "ReferenceError: retVal is not defined\n    at castStrToNumber (unit-test.js:98:5)\n    at Context.<anonymous> (unit-test.test.js:50:18)\n    at processImmediate (internal/timers.js:464:21)",
                "diff": null
              },
              "uuid": "ffa4864f-f50d-41ae-bcd7-bfe839302d95",
              "parentUUID": "5780492e-5ec7-4118-b596-19ed0b24acfd",
              "isHook": false,
              "skipped": false
            },
            {
              "title": "Bonus Task 11 - Test arrayPop function",
              "fullTitle": "Unit test challenge! Bonus Task 11 - Test arrayPop function",
              "timedOut": false,
              "duration": 1,
              "state": "failed",
              "speed": null,
              "pass": false,
              "fail": true,
              "pending": false,
              "context": null,
              "code": "var arrToPop1 = [5,4,5,4];\nvar arrTest1 = [5,4,5];\nvar arrToPop2 = [\"one\", \"two\", \"three\", \"four\"];\nvar arrTest2 = [\"one\", \"two\", \"three\"];\nassert.equal(JSON.stringify(arrayPop(arrToPop1)), JSON.stringify(arrTest1));\nassert.equal(JSON.stringify(arrayPop(arrToPop2)), JSON.stringify(arrTest2));",
              "err": {
                "message": "ReferenceError: retArray is not defined",
                "estack": "ReferenceError: retArray is not defined\n    at arrayPop (unit-test.js:106:5)\n    at Context.<anonymous> (unit-test.test.js:58:31)\n    at processImmediate (internal/timers.js:464:21)",
                "diff": null
              },
              "uuid": "4f347561-6e0d-4349-a06c-e948a17fc88a",
              "parentUUID": "5780492e-5ec7-4118-b596-19ed0b24acfd",
              "isHook": false,
              "skipped": false
            },
            {
              "title": "Bonus Task 12 - Test workoutTax001 function",
              "fullTitle": "Unit test challenge! Bonus Task 12 - Test workoutTax001 function",
              "timedOut": false,
              "duration": 0,
              "state": "failed",
              "speed": null,
              "pass": false,
              "fail": true,
              "pending": false,
              "context": null,
              "code": "// test values 1\nlet arrSalary = workoutTax001(30000); \nassert.equal(arrSalary[0], 9000, \"Tax value < 45000  correct\");\nassert.equal(arrSalary[1], 21000, \"Net salary value < 45000 correct\");\n// test values 2\narrSalary = workoutTax001(45000); \nassert.equal(arrSalary[0], 13500, \"Tax value > 45000 correct\");\nassert.equal(arrSalary[1], 31500, \"Net salary value > 45000 correct\");",
              "err": {
                "message": "ReferenceError: arrReturn is not defined",
                "estack": "ReferenceError: arrReturn is not defined\n    at workoutTax001 (unit-test.js:124:5)\n    at Context.<anonymous> (unit-test.test.js:64:19)\n    at processImmediate (internal/timers.js:464:21)",
                "diff": null
              },
              "uuid": "90066d6d-bcd9-44af-aeb4-1de564539d85",
              "parentUUID": "5780492e-5ec7-4118-b596-19ed0b24acfd",
              "isHook": false,
              "skipped": false
            }
          ],
          "suites": [],
          "passes": [],
          "failures": [
            "58c9c836-2f70-4d53-994b-de8486929ae6",
            "2ffdefad-af99-478b-b7ea-bf45e3ef9c28",
            "8f7ae94c-33d2-4fc0-b968-9bf216965352",
            "cf012817-20de-449f-adee-039f663922da",
            "0580f177-195f-4753-a60d-2d8f9f2aaa43",
            "6129d65b-5d06-4bd4-8d02-a7852743c4fa",
            "0259b8b2-961f-487e-ad83-ef7c6e76703c",
            "23799cd4-859d-4a47-90f1-2c0da2b8db25",
            "00568fed-9765-47bd-9e9c-fd739ca2719e",
            "8ca96ab6-de20-4df6-b95f-8c7140008794",
            "39101687-9b76-4bd9-b000-87169e6e60ee",
            "ffa4864f-f50d-41ae-bcd7-bfe839302d95",
            "4f347561-6e0d-4349-a06c-e948a17fc88a",
            "90066d6d-bcd9-44af-aeb4-1de564539d85"
          ],
          "pending": [],
          "skipped": [],
          "duration": 3,
          "root": false,
          "rootEmpty": false,
          "_timeout": 2000
        }
      ],
      "passes": [],
      "failures": [],
      "pending": [],
      "skipped": [],
      "duration": 0,
      "root": true,
      "rootEmpty": true,
      "_timeout": 2000
    }
  ],
  "meta": {
    "mocha": {
      "version": "10.4.0"
    },
    "mochawesome": {
      "options": {
        "quiet": false,
        "reportFilename": "mochawesome",
        "saveHtml": true,
        "saveJson": true,
        "consoleReporter": "spec",
        "useInlineDiffs": false,
        "code": true
      },
      "version": "7.1.3"
    },
    "marge": {
      "options": null,
      "version": "6.2.0"
    }
  }
}