{
  "stats": {
    "suites": 1,
    "tests": 14,
    "passes": 0,
    "pending": 0,
    "failures": 14,
    "start": "2024-06-04T13:52:05.747Z",
    "end": "2024-06-04T13:52:05.769Z",
    "duration": 22,
    "testsRegistered": 14,
    "passPercent": 0,
    "pendingPercent": 0,
    "other": 0,
    "hasOther": false,
    "skipped": 0,
    "hasSkipped": false
  },
  "results": [
    {
      "uuid": "b5b9237e-c2d7-40f6-9b8a-760ef6c3c650",
      "title": "",
      "fullFile": "D:\\Work_Experience\\WE_Steps_Challenge\\unit-test.test.js",
      "file": "\\unit-test.test.js",
      "beforeHooks": [],
      "afterHooks": [],
      "tests": [],
      "suites": [
        {
          "uuid": "71f6f7e2-4ea4-453b-8f35-1201e82ec6be",
          "title": "Unit test challenge!",
          "fullFile": "D:\\Work_Experience\\WE_Steps_Challenge\\unit-test.test.js",
          "file": "\\unit-test.test.js",
          "beforeHooks": [],
          "afterHooks": [],
          "tests": [
            {
              "title": "Task 1 - Declare a numeric variable",
              "fullTitle": "Unit test challenge! Task 1 - Declare a numeric variable",
              "timedOut": false,
              "duration": 0,
              "state": "failed",
              "speed": null,
              "pass": false,
              "fail": true,
              "pending": false,
              "context": null,
              "code": "assert.equal(decNumeric(), 22 );",
              "err": {
                "message": "ReferenceError: numVar is not defined",
                "estack": "ReferenceError: numVar is not defined\n    at decNumeric (unit-test.js:8:5)\n    at Context.<anonymous> (unit-test.test.js:6:18)\n    at processImmediate (internal/timers.js:464:21)",
                "diff": null
              },
              "uuid": "e958fc58-1d6e-4af2-8a57-86673f409e9b",
              "parentUUID": "71f6f7e2-4ea4-453b-8f35-1201e82ec6be",
              "isHook": false,
              "skipped": false
            },
            {
              "title": "Task 2 - Declare a string variable",
              "fullTitle": "Unit test challenge! Task 2 - Declare a string variable",
              "timedOut": false,
              "duration": 0,
              "state": "failed",
              "speed": null,
              "pass": false,
              "fail": true,
              "pending": false,
              "context": null,
              "code": "assert.equal(decString(), 'Step Challenges!');",
              "err": {
                "message": "ReferenceError: strVar is not defined",
                "estack": "ReferenceError: strVar is not defined\n    at decString (unit-test.js:19:5)\n    at Context.<anonymous> (unit-test.test.js:10:18)\n    at processImmediate (internal/timers.js:464:21)",
                "diff": null
              },
              "uuid": "fe820d97-736a-4d66-9053-1dde9c8737af",
              "parentUUID": "71f6f7e2-4ea4-453b-8f35-1201e82ec6be",
              "isHook": false,
              "skipped": false
            },
            {
              "title": "Task 3 - Declare a boolean variable",
              "fullTitle": "Unit test challenge! Task 3 - Declare a boolean variable",
              "timedOut": false,
              "duration": 0,
              "state": "failed",
              "speed": null,
              "pass": false,
              "fail": true,
              "pending": false,
              "context": null,
              "code": "assert.equal( decBoolean(), true );",
              "err": {
                "message": "ReferenceError: booVar is not defined",
                "estack": "ReferenceError: booVar is not defined\n    at decBoolean (unit-test.js:29:5)\n    at Context.<anonymous> (unit-test.test.js:14:19)\n    at processImmediate (internal/timers.js:464:21)",
                "diff": null
              },
              "uuid": "ae85755e-78db-4ade-9d8c-02798c7046c1",
              "parentUUID": "71f6f7e2-4ea4-453b-8f35-1201e82ec6be",
              "isHook": false,
              "skipped": false
            },
            {
              "title": "Task 4 - Test Arithmetic operator - mulitply",
              "fullTitle": "Unit test challenge! Task 4 - Test Arithmetic operator - mulitply",
              "timedOut": false,
              "duration": 1,
              "state": "failed",
              "speed": null,
              "pass": false,
              "fail": true,
              "pending": false,
              "context": null,
              "code": "assert.equal( arithmeticOp(20, 10), 200 );",
              "err": {
                "message": "ReferenceError: retVal is not defined",
                "estack": "ReferenceError: retVal is not defined\n    at arithmeticOp (unit-test.js:39:5)\n    at Context.<anonymous> (unit-test.test.js:18:19)\n    at processImmediate (internal/timers.js:464:21)",
                "diff": null
              },
              "uuid": "197d24f0-3987-41ba-8091-fec3f209bfae",
              "parentUUID": "71f6f7e2-4ea4-453b-8f35-1201e82ec6be",
              "isHook": false,
              "skipped": false
            },
            {
              "title": "Task 5 - Concate string variables",
              "fullTitle": "Unit test challenge! Task 5 - Concate string variables",
              "timedOut": false,
              "duration": 0,
              "state": "failed",
              "speed": null,
              "pass": false,
              "fail": true,
              "pending": false,
              "context": null,
              "code": "assert.equal(stringOp('JavaScript', 'Rocks!'), \"JavaScript Rocks!\" );",
              "err": {
                "message": "ReferenceError: retStr is not defined",
                "estack": "ReferenceError: retStr is not defined\n    at stringOp (unit-test.js:49:5)\n    at Context.<anonymous> (unit-test.test.js:22:18)\n    at processImmediate (internal/timers.js:464:21)",
                "diff": null
              },
              "uuid": "435b0d59-410c-49b8-abcc-02c92aec9b7c",
              "parentUUID": "71f6f7e2-4ea4-453b-8f35-1201e82ec6be",
              "isHook": false,
              "skipped": false
            },
            {
              "title": "Task 6 - Comparison operator - less than true",
              "fullTitle": "Unit test challenge! Task 6 - Comparison operator - less than true",
              "timedOut": false,
              "duration": 0,
              "state": "failed",
              "speed": null,
              "pass": false,
              "fail": true,
              "pending": false,
              "context": null,
              "code": "assert.equal(compOp(23, 24), true );",
              "err": {
                "message": "ReferenceError: retVal is not defined",
                "estack": "ReferenceError: retVal is not defined\n    at compOp (unit-test.js:59:5)\n    at Context.<anonymous> (unit-test.test.js:26:18)\n    at processImmediate (internal/timers.js:464:21)",
                "diff": null
              },
              "uuid": "33e5c4d9-2edc-4f8f-8196-51bc26ce8b6b",
              "parentUUID": "71f6f7e2-4ea4-453b-8f35-1201e82ec6be",
              "isHook": false,
              "skipped": false
            },
            {
              "title": " Task 7 - Comparison operator - less than false",
              "fullTitle": "Unit test challenge!  Task 7 - Comparison operator - less than false",
              "timedOut": false,
              "duration": 0,
              "state": "failed",
              "speed": null,
              "pass": false,
              "fail": true,
              "pending": false,
              "context": null,
              "code": "assert.equal(compOp(25, 24), false );",
              "err": {
                "message": "ReferenceError: retVal is not defined",
                "estack": "ReferenceError: retVal is not defined\n    at compOp (unit-test.js:59:5)\n    at Context.<anonymous> (unit-test.test.js:30:18)\n    at processImmediate (internal/timers.js:464:21)",
                "diff": null
              },
              "uuid": "4d7e3c92-c05c-4885-b8ed-5951773e413c",
              "parentUUID": "71f6f7e2-4ea4-453b-8f35-1201e82ec6be",
              "isHook": false,
              "skipped": false
            },
            {
              "title": "Task 8 - Logical operator - && false",
              "fullTitle": "Unit test challenge! Task 8 - Logical operator - && false",
              "timedOut": false,
              "duration": 0,
              "state": "failed",
              "speed": null,
              "pass": false,
              "fail": true,
              "pending": false,
              "context": null,
              "code": "assert.equal(logicOp(12, 30, 11, 11), true );",
              "err": {
                "message": "ReferenceError: retVal is not defined",
                "estack": "ReferenceError: retVal is not defined\n    at logicOp (unit-test.js:69:5)\n    at Context.<anonymous> (unit-test.test.js:34:18)\n    at processImmediate (internal/timers.js:464:21)",
                "diff": null
              },
              "uuid": "53b1f770-ed90-4e13-829a-96afa7a2d3c7",
              "parentUUID": "71f6f7e2-4ea4-453b-8f35-1201e82ec6be",
              "isHook": false,
              "skipped": false
            },
            {
              "title": "Task 9 - Logical operator - && false",
              "fullTitle": "Unit test challenge! Task 9 - Logical operator - && false",
              "timedOut": false,
              "duration": 0,
              "state": "failed",
              "speed": null,
              "pass": false,
              "fail": true,
              "pending": false,
              "context": null,
              "code": "assert.equal(logicOp(12, 30, 10, 11), false );",
              "err": {
                "message": "ReferenceError: retVal is not defined",
                "estack": "ReferenceError: retVal is not defined\n    at logicOp (unit-test.js:69:5)\n    at Context.<anonymous> (unit-test.test.js:38:18)\n    at processImmediate (internal/timers.js:464:21)",
                "diff": null
              },
              "uuid": "d2cde137-3e0c-45e9-89fd-c34255d9b660",
              "parentUUID": "71f6f7e2-4ea4-453b-8f35-1201e82ec6be",
              "isHook": false,
              "skipped": false
            },
            {
              "title": "Task 10 - Change string var to a number",
              "fullTitle": "Unit test challenge! Task 10 - Change string var to a number",
              "timedOut": false,
              "duration": 2,
              "state": "failed",
              "speed": null,
              "pass": false,
              "fail": true,
              "pending": false,
              "context": null,
              "code": "assert.equal(typeof(changeStrToNumber(\"Five\")), \"number\");",
              "err": {
                "message": "AssertionError: 'string' == 'number'",
                "estack": "AssertionError [ERR_ASSERTION]: 'string' == 'number'\n    at Context.<anonymous> (unit-test.test.js:41:12)\n    at processImmediate (internal/timers.js:464:21)",
                "diff": "- string\n+ number\n"
              },
              "uuid": "939cf2f2-f85f-4276-a7db-eafcca58617c",
              "parentUUID": "71f6f7e2-4ea4-453b-8f35-1201e82ec6be",
              "isHook": false,
              "skipped": false
            },
            {
              "title": "Task 11 - Cast string vars to numbers",
              "fullTitle": "Unit test challenge! Task 11 - Cast string vars to numbers",
              "timedOut": false,
              "duration": 0,
              "state": "failed",
              "speed": null,
              "pass": false,
              "fail": true,
              "pending": false,
              "context": null,
              "code": "assert.equal(castStrToNumber(\"5\",\"2.2\"), 7.2);\nassert.equal(castStrToNumber(\"7\",\"3\"), 10);",
              "err": {
                "message": "ReferenceError: retVal is not defined",
                "estack": "ReferenceError: retVal is not defined\n    at castStrToNumber (unit-test.js:89:5)\n    at Context.<anonymous> (unit-test.test.js:44:18)\n    at processImmediate (internal/timers.js:464:21)",
                "diff": null
              },
              "uuid": "881683fc-cfb3-4274-a638-9becfbfefa58",
              "parentUUID": "71f6f7e2-4ea4-453b-8f35-1201e82ec6be",
              "isHook": false,
              "skipped": false
            },
            {
              "title": "Task 11 - Test returnArray function",
              "fullTitle": "Unit test challenge! Task 11 - Test returnArray function",
              "timedOut": false,
              "duration": 0,
              "state": "failed",
              "speed": null,
              "pass": false,
              "fail": true,
              "pending": false,
              "context": null,
              "code": "var arrTest1 = [5,4,5,4];\nvar arrTest2 = [\"one\", \"two\", \"three\", \"four\"];\nassert.equal(JSON.stringify(returnArray(5,4,5,4)), JSON.stringify(arrTest1));\nassert.equal(JSON.stringify(returnArray(\"one\", \"two\", \"three\", \"four\")), JSON.stringify(arrTest2));",
              "err": {
                "message": "ReferenceError: retArray is not defined",
                "estack": "ReferenceError: retArray is not defined\n    at returnArray (unit-test.js:98:5)\n    at Context.<anonymous> (unit-test.test.js:50:33)\n    at processImmediate (internal/timers.js:464:21)",
                "diff": null
              },
              "uuid": "096562c9-68ff-4881-88b3-d5e570d94c06",
              "parentUUID": "71f6f7e2-4ea4-453b-8f35-1201e82ec6be",
              "isHook": false,
              "skipped": false
            },
            {
              "title": "Task 12 - Test arrayPop function",
              "fullTitle": "Unit test challenge! Task 12 - Test arrayPop function",
              "timedOut": false,
              "duration": 0,
              "state": "failed",
              "speed": null,
              "pass": false,
              "fail": true,
              "pending": false,
              "context": null,
              "code": "var arrToPop1 = [5,4,5,4];\nvar arrTest1 = [5,4,5];\nvar arrToPop2 = [\"one\", \"two\", \"three\", \"four\"];\nvar arrTest2 = [\"one\", \"two\", \"three\"];\nassert.equal(JSON.stringify(arrayPop(arrToPop1)), JSON.stringify(arrTest1));\nassert.equal(JSON.stringify(arrayPop(arrToPop2)), JSON.stringify(arrTest2));",
              "err": {
                "message": "ReferenceError: retArray is not defined",
                "estack": "ReferenceError: retArray is not defined\n    at arrayPop (unit-test.js:107:5)\n    at Context.<anonymous> (unit-test.test.js:58:31)\n    at processImmediate (internal/timers.js:464:21)",
                "diff": null
              },
              "uuid": "a4ac6784-b9d7-4afe-9f07-6f99336d0cec",
              "parentUUID": "71f6f7e2-4ea4-453b-8f35-1201e82ec6be",
              "isHook": false,
              "skipped": false
            },
            {
              "title": "Task 13 - Test workoutTax001 function",
              "fullTitle": "Unit test challenge! Task 13 - Test workoutTax001 function",
              "timedOut": false,
              "duration": 0,
              "state": "failed",
              "speed": null,
              "pass": false,
              "fail": true,
              "pending": false,
              "context": null,
              "code": "// test values 1\nlet arrSalary = workoutTax001(30000); \nassert.equal(arrSalary[0], 9000, \"Tax value < 45000  correct\");\nassert.equal(arrSalary[1], 21000, \"Net salary value < 45000 correct\");\n// test values 2\narrSalary = workoutTax001(45000); \nassert.equal(arrSalary[0], 13500, \"Tax value > 45000 correct\");\nassert.equal(arrSalary[1], 31500, \"Net salary value > 45000 correct\");",
              "err": {
                "message": "ReferenceError: arrReturn is not defined",
                "estack": "ReferenceError: arrReturn is not defined\n    at workoutTax001 (unit-test.js:125:5)\n    at Context.<anonymous> (unit-test.test.js:64:19)\n    at processImmediate (internal/timers.js:464:21)",
                "diff": null
              },
              "uuid": "52d8858b-1416-46aa-85fe-6d5d672a9313",
              "parentUUID": "71f6f7e2-4ea4-453b-8f35-1201e82ec6be",
              "isHook": false,
              "skipped": false
            }
          ],
          "suites": [],
          "passes": [],
          "failures": [
            "e958fc58-1d6e-4af2-8a57-86673f409e9b",
            "fe820d97-736a-4d66-9053-1dde9c8737af",
            "ae85755e-78db-4ade-9d8c-02798c7046c1",
            "197d24f0-3987-41ba-8091-fec3f209bfae",
            "435b0d59-410c-49b8-abcc-02c92aec9b7c",
            "33e5c4d9-2edc-4f8f-8196-51bc26ce8b6b",
            "4d7e3c92-c05c-4885-b8ed-5951773e413c",
            "53b1f770-ed90-4e13-829a-96afa7a2d3c7",
            "d2cde137-3e0c-45e9-89fd-c34255d9b660",
            "939cf2f2-f85f-4276-a7db-eafcca58617c",
            "881683fc-cfb3-4274-a638-9becfbfefa58",
            "096562c9-68ff-4881-88b3-d5e570d94c06",
            "a4ac6784-b9d7-4afe-9f07-6f99336d0cec",
            "52d8858b-1416-46aa-85fe-6d5d672a9313"
          ],
          "pending": [],
          "skipped": [],
          "duration": 3,
          "root": false,
          "rootEmpty": false,
          "_timeout": 2000
        }
      ],
      "passes": [],
      "failures": [],
      "pending": [],
      "skipped": [],
      "duration": 0,
      "root": true,
      "rootEmpty": true,
      "_timeout": 2000
    }
  ],
  "meta": {
    "mocha": {
      "version": "10.4.0"
    },
    "mochawesome": {
      "options": {
        "quiet": false,
        "reportFilename": "mochawesome",
        "saveHtml": true,
        "saveJson": true,
        "consoleReporter": "spec",
        "useInlineDiffs": false,
        "code": true
      },
      "version": "7.1.3"
    },
    "marge": {
      "options": null,
      "version": "6.2.0"
    }
  }
}