{
  "stats": {
    "suites": 2,
    "tests": 4,
    "passes": 2,
    "pending": 0,
    "failures": 2,
    "start": "2024-06-03T15:24:09.540Z",
    "end": "2024-06-03T15:24:09.558Z",
    "duration": 18,
    "testsRegistered": 4,
    "passPercent": 50,
    "pendingPercent": 0,
    "other": 0,
    "hasOther": false,
    "skipped": 0,
    "hasSkipped": false
  },
  "results": [
    {
      "uuid": "bdce9b91-cd74-4c88-b824-464621871193",
      "title": "",
      "fullFile": "",
      "file": "",
      "beforeHooks": [],
      "afterHooks": [],
      "tests": [],
      "suites": [
        {
          "uuid": "78ce38b1-052b-48cd-9d3b-2f39e7759877",
          "title": "Step Challenges Unit Tests Part 1! - Input Form Tests",
          "fullFile": "D:\\Work_Experience\\WE_Steps_Challenge\\test.js",
          "file": "\\test.js",
          "beforeHooks": [],
          "afterHooks": [],
          "tests": [
            {
              "title": "should return -1 when the value is not present",
              "fullTitle": "Step Challenges Unit Tests Part 1! - Input Form Tests should return -1 when the value is not present",
              "timedOut": false,
              "duration": 0,
              "state": "passed",
              "speed": "fast",
              "pass": true,
              "fail": false,
              "pending": false,
              "context": null,
              "code": "assert.equal([1, 2, 3].indexOf(4), -1);",
              "err": {},
              "uuid": "ab2bdca5-16fe-4941-9e9b-a137ec023908",
              "parentUUID": "78ce38b1-052b-48cd-9d3b-2f39e7759877",
              "isHook": false,
              "skipped": false
            },
            {
              "title": "should match the Test string",
              "fullTitle": "Step Challenges Unit Tests Part 1! - Input Form Tests should match the Test string",
              "timedOut": false,
              "duration": 1,
              "state": "passed",
              "speed": "fast",
              "pass": true,
              "fail": false,
              "pending": false,
              "context": null,
              "code": "assert.equal(\"Test String\", \"Test String\");",
              "err": {},
              "uuid": "91fd9a54-3d54-4fe4-a34f-8c853079e7ae",
              "parentUUID": "78ce38b1-052b-48cd-9d3b-2f39e7759877",
              "isHook": false,
              "skipped": false
            }
          ],
          "suites": [],
          "passes": [
            "ab2bdca5-16fe-4941-9e9b-a137ec023908",
            "91fd9a54-3d54-4fe4-a34f-8c853079e7ae"
          ],
          "failures": [],
          "pending": [],
          "skipped": [],
          "duration": 1,
          "root": false,
          "rootEmpty": false,
          "_timeout": 2000
        },
        {
          "uuid": "1b0d39e0-836f-49ba-b99e-c2637ee3ed7d",
          "title": "Step Challenges Unit Tests Part 2! - Leaderboard Tests",
          "fullFile": "D:\\Work_Experience\\WE_Steps_Challenge\\test.js",
          "file": "\\test.js",
          "beforeHooks": [],
          "afterHooks": [],
          "tests": [
            {
              "title": "should return the Integer with the valid number of Steps!",
              "fullTitle": "Step Challenges Unit Tests Part 2! - Leaderboard Tests should return the Integer with the valid number of Steps!",
              "timedOut": false,
              "duration": 2,
              "state": "failed",
              "speed": null,
              "pass": false,
              "fail": true,
              "pending": false,
              "context": null,
              "code": "assert.equal(120000, 20000);",
              "err": {
                "message": "AssertionError: 120000 == 20000",
                "estack": "AssertionError [ERR_ASSERTION]: 120000 == 20000\n    at Context.<anonymous> (test.js:15:14)\n    at processImmediate (internal/timers.js:464:21)",
                "diff": "- 120000\n+ 20000\n"
              },
              "uuid": "aab1595c-928f-4adb-b12a-832c1c527552",
              "parentUUID": "1b0d39e0-836f-49ba-b99e-c2637ee3ed7d",
              "isHook": false,
              "skipped": false
            },
            {
              "title": "Type Should be matching",
              "fullTitle": "Step Challenges Unit Tests Part 2! - Leaderboard Tests Type Should be matching",
              "timedOut": false,
              "duration": 1,
              "state": "failed",
              "speed": null,
              "pass": false,
              "fail": true,
              "pending": false,
              "context": null,
              "code": "assert.equal(addBadges(300), 300);",
              "err": {
                "message": "AssertionError: [] == 300",
                "estack": "AssertionError [ERR_ASSERTION]: [] == 300\n    at Context.<anonymous> (test.js:18:14)\n    at processImmediate (internal/timers.js:464:21)",
                "diff": null
              },
              "uuid": "37c09014-e339-429c-ac99-47082db67d85",
              "parentUUID": "1b0d39e0-836f-49ba-b99e-c2637ee3ed7d",
              "isHook": false,
              "skipped": false
            }
          ],
          "suites": [],
          "passes": [],
          "failures": [
            "aab1595c-928f-4adb-b12a-832c1c527552",
            "37c09014-e339-429c-ac99-47082db67d85"
          ],
          "pending": [],
          "skipped": [],
          "duration": 3,
          "root": false,
          "rootEmpty": false,
          "_timeout": 2000
        }
      ],
      "passes": [],
      "failures": [],
      "pending": [],
      "skipped": [],
      "duration": 0,
      "root": true,
      "rootEmpty": true,
      "_timeout": 2000
    }
  ],
  "meta": {
    "mocha": {
      "version": "10.4.0"
    },
    "mochawesome": {
      "options": {
        "quiet": false,
        "reportFilename": "mochawesome",
        "saveHtml": true,
        "saveJson": true,
        "consoleReporter": "spec",
        "useInlineDiffs": false,
        "code": true
      },
      "version": "7.1.3"
    },
    "marge": {
      "options": null,
      "version": "6.2.0"
    }
  }
}