{
  "stats": {
    "suites": 2,
    "tests": 4,
    "passes": 2,
    "pending": 0,
    "failures": 2,
    "start": "2024-05-30T14:01:55.278Z",
    "end": "2024-05-30T14:01:55.297Z",
    "duration": 19,
    "testsRegistered": 4,
    "passPercent": 50,
    "pendingPercent": 0,
    "other": 0,
    "hasOther": false,
    "skipped": 0,
    "hasSkipped": false
  },
  "results": [
    {
      "uuid": "3618b491-8c9d-439c-b58b-cf830482c5c3",
      "title": "",
      "fullFile": "",
      "file": "",
      "beforeHooks": [],
      "afterHooks": [],
      "tests": [],
      "suites": [
        {
          "uuid": "9d0880d6-3016-4612-b06e-366ede1301d5",
          "title": "Step Challenges Unit Tests Part 1!",
          "fullFile": "D:\\Work_Experience\\WE_Steps_Challenge\\test.js",
          "file": "\\test.js",
          "beforeHooks": [],
          "afterHooks": [],
          "tests": [
            {
              "title": "should return -1 when the value is not present",
              "fullTitle": "Step Challenges Unit Tests Part 1! should return -1 when the value is not present",
              "timedOut": false,
              "duration": 0,
              "state": "passed",
              "speed": "fast",
              "pass": true,
              "fail": false,
              "pending": false,
              "context": null,
              "code": "assert.equal([1, 2, 3].indexOf(4), -1);",
              "err": {},
              "uuid": "328c14f7-3803-48a7-840d-85f27fdc9eb2",
              "parentUUID": "9d0880d6-3016-4612-b06e-366ede1301d5",
              "isHook": false,
              "skipped": false
            },
            {
              "title": "should match the Test string",
              "fullTitle": "Step Challenges Unit Tests Part 1! should match the Test string",
              "timedOut": false,
              "duration": 2,
              "state": "failed",
              "speed": null,
              "pass": false,
              "fail": true,
              "pending": false,
              "context": null,
              "code": "assert.equal(\"Test String\", \"est String\")",
              "err": {
                "message": "AssertionError: 'Test String' == 'est String'",
                "estack": "AssertionError [ERR_ASSERTION]: 'Test String' == 'est String'\n    at Context.<anonymous> (test.js:9:14)\n    at processImmediate (internal/timers.js:464:21)",
                "diff": "- Test String\n+ est String\n"
              },
              "uuid": "037a9b13-66b4-4b4e-a590-58d3168adb8e",
              "parentUUID": "9d0880d6-3016-4612-b06e-366ede1301d5",
              "isHook": false,
              "skipped": false
            }
          ],
          "suites": [],
          "passes": [
            "328c14f7-3803-48a7-840d-85f27fdc9eb2"
          ],
          "failures": [
            "037a9b13-66b4-4b4e-a590-58d3168adb8e"
          ],
          "pending": [],
          "skipped": [],
          "duration": 2,
          "root": false,
          "rootEmpty": false,
          "_timeout": 2000
        },
        {
          "uuid": "b811efd2-8ae2-4c42-8757-19b31cf974ac",
          "title": "Step Challenges Unit Tests Part 2!",
          "fullFile": "D:\\Work_Experience\\WE_Steps_Challenge\\test.js",
          "file": "\\test.js",
          "beforeHooks": [],
          "afterHooks": [],
          "tests": [
            {
              "title": "should return the Integer with the valid number of Steps!",
              "fullTitle": "Step Challenges Unit Tests Part 2! should return the Integer with the valid number of Steps!",
              "timedOut": false,
              "duration": 0,
              "state": "passed",
              "speed": "fast",
              "pass": true,
              "fail": false,
              "pending": false,
              "context": null,
              "code": "assert.equal(120000, 120000);",
              "err": {},
              "uuid": "3cfc509b-2b3c-4363-a870-f406034212d0",
              "parentUUID": "b811efd2-8ae2-4c42-8757-19b31cf974ac",
              "isHook": false,
              "skipped": false
            },
            {
              "title": "TBC",
              "fullTitle": "Step Challenges Unit Tests Part 2! TBC",
              "timedOut": false,
              "duration": 1,
              "state": "failed",
              "speed": null,
              "pass": false,
              "fail": true,
              "pending": false,
              "context": null,
              "code": "assert.equal(typeof(\"Test String\"), string )",
              "err": {
                "message": "AssertionError: 'string' == [Function: bound ]",
                "estack": "AssertionError [ERR_ASSERTION]: 'string' == [Function: bound ]\n    at Context.<anonymous> (test.js:18:14)\n    at processImmediate (internal/timers.js:464:21)",
                "diff": null
              },
              "uuid": "e58c5996-6474-4b9c-99df-9d8968b9e09e",
              "parentUUID": "b811efd2-8ae2-4c42-8757-19b31cf974ac",
              "isHook": false,
              "skipped": false
            }
          ],
          "suites": [],
          "passes": [
            "3cfc509b-2b3c-4363-a870-f406034212d0"
          ],
          "failures": [
            "e58c5996-6474-4b9c-99df-9d8968b9e09e"
          ],
          "pending": [],
          "skipped": [],
          "duration": 1,
          "root": false,
          "rootEmpty": false,
          "_timeout": 2000
        }
      ],
      "passes": [],
      "failures": [],
      "pending": [],
      "skipped": [],
      "duration": 0,
      "root": true,
      "rootEmpty": true,
      "_timeout": 2000
    }
  ],
  "meta": {
    "mocha": {
      "version": "10.4.0"
    },
    "mochawesome": {
      "options": {
        "quiet": false,
        "reportFilename": "mochawesome",
        "saveHtml": true,
        "saveJson": true,
        "consoleReporter": "spec",
        "useInlineDiffs": false,
        "code": true
      },
      "version": "7.1.3"
    },
    "marge": {
      "options": null,
      "version": "6.2.0"
    }
  }
}